Build started 10/13/2014 12:00:38 PM.
     1>Project "C:\Programmering\cppFun\Inlämningar\Project1\Project1\Project1.vcxproj" on node 2 (Build target(s)).
     1>ClCompile:
         C:\Program Files (x86)\Microsoft Visual Studio 12.0\VC\bin\CL.exe /c /ZI /nologo /W3 /WX- /sdl /Od /Oy- /D _MBCS /Gm /EHsc /RTC1 /MDd /GS /fp:precise /Zc:wchar_t /Zc:forScope /Fo"Debug\\" /Fd"Debug\vc120.pdb" /Gd /TP /analyze- /errorReport:prompt Main.cpp
         Main.cpp
     1>c:\programmering\cppfun\inlämningar\project1\project1\rational.h(9): error C2143: syntax error : missing ';' before '<'
     1>c:\programmering\cppfun\inlämningar\project1\project1\rational.h(9): error C2988: unrecognizable template declaration/definition
     1>c:\programmering\cppfun\inlämningar\project1\project1\rational.h(9): error C2059: syntax error : '<'
     1>c:\programmering\cppfun\inlämningar\project1\project1\rational.h(9): error C2039: '<<' : is not a member of '`global namespace''
     1>c:\programmering\cppfun\inlämningar\project1\project1\rational.h(14): error C2039: '>>' : is not a member of '`global namespace''
     1>c:\programmering\cppfun\inlämningar\project1\project1\rational.h(14): error C2143: syntax error : missing ';' before '{'
     1>c:\programmering\cppfun\inlämningar\project1\project1\rational.h(14): error C2447: '{' : missing function header (old-style formal list?)
     1>c:\programmering\cppfun\inlämningar\project1\project1\rational.h(45): error C2143: syntax error : missing ';' before '<'
     1>c:\programmering\cppfun\inlämningar\project1\project1\rational.h(45): error C2988: unrecognizable template declaration/definition
     1>c:\programmering\cppfun\inlämningar\project1\project1\rational.h(45): error C2059: syntax error : '<'
     1>c:\programmering\cppfun\inlämningar\project1\project1\rational.h(51): error C2588: '::~Rational' : illegal global destructor
     1>c:\programmering\cppfun\inlämningar\project1\project1\rational.h(51): fatal error C1903: unable to recover from previous error(s); stopping compilation
     1>Done Building Project "C:\Programmering\cppFun\Inlämningar\Project1\Project1\Project1.vcxproj" (Build target(s)) -- FAILED.

Build FAILED.

Time Elapsed 00:00:01.06
