Build started 2014-12-05 02:25:46.
     1>Project "C:\cppFun\Inlämningar\Intepretator\Intepretator\Intepretator.vcxproj" on node 2 (Build target(s)).
     1>ClCompile:
         C:\Program Files (x86)\Microsoft Visual Studio 12.0\VC\bin\CL.exe /c /ZI /nologo /W3 /WX- /sdl /Od /Oy- /D _MBCS /Gm /EHsc /RTC1 /MDd /GS /fp:precise /Zc:wchar_t /Zc:forScope /Fo"Debug\\" /Fd"Debug\vc120.pdb" /Gd /TP /analyze- /errorReport:prompt Manager.cpp main.cpp
         main.cpp
         Manager.cpp
     1>c:\cppfun\inlämningar\intepretator\intepretator\manager.cpp(204): error C2065: 'var' : undeclared identifier
     1>c:\cppfun\inlämningar\intepretator\intepretator\manager.cpp(204): error C2227: left of '->size' must point to class/struct/union/generic type
                 type is 'unknown-type'
         Generating Code...
     1>Done Building Project "C:\cppFun\Inlämningar\Intepretator\Intepretator\Intepretator.vcxproj" (Build target(s)) -- FAILED.

Build FAILED.

Time Elapsed 00:00:00.62
