Build started 2014-10-09 17:38:46.
     1>Project "C:\cppFun\Inlämningar\STL\STL\STL.vcxproj" on node 2 (Build target(s)).
     1>ClCompile:
         C:\Program Files (x86)\Microsoft Visual Studio 12.0\VC\bin\CL.exe /c /ZI /nologo /W3 /WX- /sdl /Od /Oy- /D _MBCS /Gm /EHsc /RTC1 /MDd /GS /fp:precise /Zc:wchar_t /Zc:forScope /Fo"Debug\\" /Fd"Debug\vc120.pdb" /Gd /TP /analyze- /errorReport:prompt Main.cpp
         Main.cpp
     1>c:\cppfun\inlämningar\stl\stl\main.cpp(23): warning C4244: '=' : conversion from 'int' to 'float', possible loss of data
     1>c:\cppfun\inlämningar\stl\stl\main.cpp(113): warning C4244: '=' : conversion from 'int' to 'float', possible loss of data
     1>c:\cppfun\inlämningar\stl\stl\main.cpp(137): warning C4244: 'argument' : conversion from 'time_t' to 'unsigned int', possible loss of data
     1>c:\program files (x86)\microsoft visual studio 12.0\vc\include\algorithm(1758): error C2664: 'bool (int)' : cannot convert argument 1 from 'C<10>' to 'int'
                 No user-defined-conversion operator available that can perform this conversion, or the operator cannot be called
                 c:\program files (x86)\microsoft visual studio 12.0\vc\include\algorithm(1772) : see reference to function template instantiation '_FwdIt std::_Remove_if<C<10>*,bool(__cdecl *)(int)>(_FwdIt,_FwdIt,_Pr)' being compiled
                 with
                 [
                     _FwdIt=C<10> *
         ,            _Pr=bool (__cdecl *)(int)
                 ]
                 c:\cppfun\inlämningar\stl\stl\main.cpp(52) : see reference to function template instantiation '_FwdIt std::remove_if<std::_Vector_iterator<std::_Vector_val<std::_Simple_types<C<10>>>>,bool(__cdecl *)(int)>(_FwdIt,_FwdIt,_Pr)' being compiled
                 with
                 [
                     _FwdIt=std::_Vector_iterator<std::_Vector_val<std::_Simple_types<C<10>>>>
         ,            _Pr=bool (__cdecl *)(int)
                 ]
     1>Done Building Project "C:\cppFun\Inlämningar\STL\STL\STL.vcxproj" (Build target(s)) -- FAILED.

Build FAILED.

Time Elapsed 00:00:00.37
