Build started 2014-10-14 17:28:54.
     1>Project "C:\cppFun\Inlämningar\Rational\Project1\Project1.vcxproj" on node 2 (Build target(s)).
     1>C:\Program Files (x86)\MSBuild\Microsoft.Cpp\v4.0\V120\Microsoft.CppBuild.targets(381,5): warning MSB8028: The intermediate directory (Debug\) contains files shared from another project (Project1.vcxproj).  This can lead to incorrect clean and rebuild behavior.
     1>ClCompile:
         C:\Program Files (x86)\Microsoft Visual Studio 12.0\VC\bin\CL.exe /c /ZI /nologo /W3 /WX- /sdl /Od /Oy- /D _MBCS /Gm /EHsc /RTC1 /MDd /GS /fp:precise /Zc:wchar_t /Zc:forScope /Fo"Debug\\" /Fd"Debug\vc120.pdb" /Gd /TP /analyze- /errorReport:prompt Main.cpp
         Main.cpp
     1>c:\cppfun\inlämningar\rational\project1\rational.h(62): error C2244: 'Rational<T>::operator Rational<T2>' : unable to match function definition to an existing declaration
                 definition
                 'Rational<T>::operator Rational<T2>(void)'
                 existing declarations
                 'Rational<T>::operator Rational<T2>(void)'
     1>c:\cppfun\inlämningar\rational\project1\main.cpp(43): error C2675: unary '-' : 'Rational<short>' does not define this operator or a conversion to a type acceptable to the predefined operator
     1>c:\cppfun\inlämningar\rational\project1\main.cpp(52): error C2440: 'static_cast' : cannot convert from 'Rational<__int64>' to 'int'
                 No user-defined-conversion operator available that can perform this conversion, or the operator cannot be called
     1>Done Building Project "C:\cppFun\Inlämningar\Rational\Project1\Project1.vcxproj" (Build target(s)) -- FAILED.

Build FAILED.

Time Elapsed 00:00:00.25
